TN:
SF:script/DeployAndInitNewIndex.s.sol
DA:31,228
FN:31,DeployAndInitNewIndex.run
FNDA:228,DeployAndInitNewIndex.run
DA:36,228
DA:37,228
DA:38,228
DA:40,228
DA:41,228
DA:44,228
DA:48,228
DA:54,228
DA:59,228
DA:61,228
DA:64,228
DA:68,228
DA:70,228
DA:73,228
DA:80,228
DA:81,228
DA:83,228
DA:91,228
DA:92,228
DA:95,228
DA:96,228
DA:104,228
FN:104,DeployAndInitNewIndex._computeInitialDeposits
FNDA:228,DeployAndInitNewIndex._computeInitialDeposits
DA:110,228
BRDA:110,0,0,198
BRDA:110,0,1,8
DA:112,198
DA:121,30
DA:129,228
FNF:2
FNH:2
LF:27
LH:27
BRF:2
BRH:2
end_of_record
TN:
SF:script/DeployPeriphery.s.sol
DA:18,171
FN:18,DeployPeriphery.run
FNDA:171,DeployPeriphery.run
DA:28,171
DA:29,171
DA:31,171
DA:33,171
DA:35,171
DA:37,171
DA:39,171
DA:46,171
DA:49,171
DA:52,171
DA:55,171
DA:57,171
DA:59,171
BRDA:59,0,0,42
DA:60,42
DA:61,42
DA:62,42
DA:63,42
DA:64,42
DA:68,42
DA:72,42
DA:78,171
DA:79,171
FNF:1
FNH:1
LF:23
LH:23
BRF:1
BRH:1
end_of_record
TN:
SF:script/HelperConfig.s.sol
DA:50,237
FN:50,HelperConfig.constructor
FNDA:237,HelperConfig.constructor
DA:51,237
BRDA:51,0,0,90
BRDA:51,0,1,1
DA:52,90
DA:53,147
BRDA:53,1,0,146
BRDA:53,1,1,1
DA:54,146
DA:56,1
DA:59,451
FN:59,HelperConfig.getActiveNetworkConfig
FNDA:451,HelperConfig.getActiveNetworkConfig
DA:64,451
DA:67,1052
FN:67,HelperConfig.getActiveAssetConfig
FNDA:1052,HelperConfig.getActiveAssetConfig
DA:70,2092
DA:76,90
FN:76,HelperConfig.getMainnetConfig
FNDA:90,HelperConfig.getMainnetConfig
DA:77,91
DA:79,91
DA:86,91
DA:93,91
DA:100,91
DA:106,91
DA:121,146
FN:121,HelperConfig.getAnvilConfig
FNDA:146,HelperConfig.getAnvilConfig
DA:122,147
DA:123,147
DA:128,147
DA:133,147
DA:138,147
DA:140,147
DA:144,147
DA:148,147
DA:152,147
DA:156,147
DA:161,147
DA:168,147
DA:175,147
DA:182,147
DA:189,147
DA:191,147
DA:192,147
DA:194,147
DA:212,3
FN:212,HelperConfig.getConfigByChainId
FNDA:3,HelperConfig.getConfigByChainId
DA:215,3
BRDA:215,2,0,1
BRDA:215,2,1,1
DA:216,1
DA:217,2
BRDA:217,3,0,1
BRDA:217,3,1,1
DA:218,1
DA:220,1
DA:225,131
FN:225,HelperConfig.getFeeCollector
FNDA:131,HelperConfig.getFeeCollector
DA:226,131
DA:229,131
FN:229,HelperConfig.getRebalancer
FNDA:131,HelperConfig.getRebalancer
DA:230,131
DA:242,237
FN:242,HelperConfig.getDefaultSwapRoutes
FNDA:237,HelperConfig.getDefaultSwapRoutes
DA:255,237
DA:259,237
DA:265,237
DA:275,4
FN:275,HelperConfig.buildDefaultV4Route
FNDA:4,HelperConfig.buildDefaultV4Route
DA:279,4
DA:282,4
FN:282,HelperConfig._buildDefaultV4Route
FNDA:4,HelperConfig._buildDefaultV4Route
DA:286,4
DA:290,4
DA:311,711
FN:311,HelperConfig._buildDefaultV3Route
FNDA:711,HelperConfig._buildDefaultV3Route
DA:315,711
DA:328,131
FN:328,HelperConfig.getAssetTokenMocks
FNDA:131,HelperConfig.getAssetTokenMocks
DA:339,131
BRDA:339,4,0,1
DA:340,1
DA:342,130
DA:345,130
DA:348,130
DA:351,130
DA:355,130
DA:364,131
FN:364,HelperConfig.getPriceFeedMocks
FNDA:131,HelperConfig.getPriceFeedMocks
DA:375,131
BRDA:375,5,0,1
DA:376,1
DA:378,130
DA:381,130
DA:384,130
DA:387,130
DA:391,130
DA:400,130
FN:400,HelperConfig.getUniswapUniversalRouter
FNDA:130,HelperConfig.getUniswapUniversalRouter
DA:405,130
FNF:15
FNH:15
LF:75
LH:75
BRF:10
BRH:10
end_of_record
TN:
SF:src/Index.sol
DA:96,0
FN:96,Index.isInitialized
FNDA:0,Index.isInitialized
DA:97,0
DA:105,361
FN:105,Index.constructor
FNDA:361,Index.constructor
DA:117,361
DA:118,361
DA:119,361
DA:121,361
DA:122,361
DA:124,361
DA:125,361
DA:126,361
DA:128,361
DA:129,361
DA:130,361
DA:132,361
DA:133,361
DA:134,361
DA:136,361
DA:137,361
DA:138,361
DA:139,361
DA:152,229
FN:152,Index.initialize
FNDA:229,Index.initialize
DA:157,0
BRDA:157,0,0,-
DA:160,229
BRDA:160,1,0,-
DA:163,229
DA:170,229
DA:173,229
DA:178,229
DA:185,229
DA:192,229
DA:200,229
DA:206,229
DA:213,229
DA:214,229
DA:215,229
DA:218,229
DA:219,229
DA:222,229
DA:238,40
FN:238,Index.mintShares
FNDA:40,Index.mintShares
DA:243,40
DA:246,40
DA:247,40
DA:259,40
DA:262,40
DA:263,40
DA:264,40
DA:265,40
DA:268,40
DA:275,40
DA:282,40
DA:283,40
DA:284,40
DA:285,40
DA:288,40
DA:289,40
DA:295,40
DA:298,40
DA:307,40
DA:311,40
DA:317,40
DA:323,40
DA:329,40
DA:338,40
DA:346,40
BRDA:346,2,0,-
DA:349,40
DA:353,40
DA:357,40
DA:362,40
DA:363,40
DA:366,40
DA:381,7
FN:381,Index.redeem
FNDA:7,Index.redeem
DA:387,7
DA:388,7
DA:400,7
DA:407,7
DA:408,7
DA:409,7
DA:412,7
DA:415,7
DA:421,7
DA:431,7
DA:432,7
DA:435,7
DA:438,7
DA:440,7
DA:445,7
DA:452,7
DA:456,7
DA:461,7
DA:465,7
DA:466,0
BRDA:466,3,0,-
DA:470,7
DA:471,7
DA:472,7
DA:475,7
DA:479,7
DA:482,7
DA:484,7
DA:498,0
FN:498,Index.minMintPreview
FNDA:0,Index.minMintPreview
DA:503,0
DA:509,0
DA:512,0
DA:521,0
DA:524,0
DA:527,0
DA:532,0
DA:544,0
FN:544,Index.minRedeemPreview
FNDA:0,Index.minRedeemPreview
DA:549,0
DA:558,0
DA:561,0
DA:567,0
DA:568,0
DA:571,0
DA:575,0
DA:586,7
FN:586,Index.proposeUpdateWeights
FNDA:7,Index.proposeUpdateWeights
DA:595,7
DA:596,0
DA:597,0
BRDA:597,4,0,-
DA:600,7
DA:601,7
DA:602,7
DA:603,0
BRDA:603,5,0,-
DA:606,7
DA:609,7
DA:610,7
DA:611,7
DA:614,7
DA:625,9
FN:625,Index.executeWeightUpdate
FNDA:9,Index.executeWeightUpdate
DA:628,9
DA:629,6
DA:630,4
BRDA:630,6,0,4
DA:633,5
DA:634,5
DA:637,5
DA:638,5
DA:639,5
DA:642,5
DA:643,5
BRDA:643,7,0,1
DA:646,5
DA:655,12
FN:655,Index.collectFees
FNDA:12,Index.collectFees
DA:659,12
DA:662,12
BRDA:662,8,0,4
DA:665,8
DA:666,8
DA:669,8
DA:672,8
DA:679,22
FN:679,Index.rebalanceIndex
FNDA:22,Index.rebalanceIndex
DA:681,22
DA:682,22
DA:695,22
DA:699,7
BRDA:699,9,0,7
DA:702,15
DA:703,15
DA:719,15
DA:720,15
DA:722,15
BRDA:722,10,0,15
BRDA:722,10,1,-
DA:724,15
DA:730,14
DA:734,14
DA:739,14
DA:741,14
DA:744,0
DA:749,0
DA:753,0
DA:758,0
DA:760,0
DA:765,14
DA:766,14
DA:767,14
DA:768,14
DA:771,14
DA:773,14
DA:774,14
DA:778,0
BRDA:778,11,0,-
DA:782,14
DA:795,80
FN:795,Index._mintPreview
FNDA:80,Index._mintPreview
DA:799,80
DA:805,40
FN:805,Index._calculateShareToMintAndValidateTolerance
FNDA:40,Index._calculateShareToMintAndValidateTolerance
DA:812,40
DA:816,40
DA:819,40
DA:823,40
BRDA:823,12,0,-
DA:826,0
FN:826,Index._redeemPreview
FNDA:0,Index._redeemPreview
DA:830,0
DA:839,54
FN:839,Index._calculateFees
FNDA:54,Index._calculateFees
DA:842,54
DA:844,54
DA:858,95
FN:858,Index._initFunctionValues
FNDA:95,Index._initFunctionValues
DA:872,95
DA:873,95
DA:874,95
DA:877,95
DA:881,95
DA:886,95
DA:892,95
DA:898,95
DA:912,40
FN:912,Index._swapUsdcForAssets
FNDA:40,Index._swapUsdcForAssets
DA:918,40
DA:919,40
DA:921,40
DA:922,40
BRDA:922,13,0,40
DA:926,40
DA:927,40
BRDA:927,14,0,40
DA:932,40
DA:933,40
DA:934,40
DA:935,40
DA:937,40
BRDA:937,15,0,-
BRDA:937,15,1,40
DA:938,0
DA:944,0
DA:945,40
BRDA:945,16,0,-
BRDA:945,16,1,40
DA:946,0
DA:952,0
DA:954,40
DA:963,40
DA:964,40
DA:970,40
DA:974,40
DA:981,40
BRDA:981,17,0,40
DA:982,40
DA:984,40
DA:989,40
BRDA:989,18,0,40
DA:990,40
DA:992,40
DA:1005,7
FN:1005,Index._swapAssetsForUsdc
FNDA:7,Index._swapAssetsForUsdc
DA:1010,7
DA:1011,7
DA:1013,7
BRDA:1013,19,0,7
DA:1014,7
DA:1020,7
DA:1025,7
BRDA:1025,20,0,7
DA:1026,7
DA:1032,7
DA:1039,7
DA:1040,7
DA:1042,7
BRDA:1042,21,0,-
BRDA:1042,21,1,7
DA:1043,0
DA:1049,0
DA:1053,7
BRDA:1053,22,0,-
BRDA:1053,22,1,7
DA:1054,0
DA:1060,0
DA:1065,7
DA:1074,7
DA:1078,7
DA:1085,7
DA:1086,7
DA:1091,7
DA:1094,7
DA:1106,15
FN:1106,Index._swapAssetForAsset
FNDA:15,Index._swapAssetForAsset
DA:1111,15
DA:1112,15
BRDA:1112,23,0,15
BRDA:1112,23,1,-
DA:1113,15
DA:1118,0
DA:1124,15
DA:1129,15
DA:1136,15
DA:1138,15
DA:1142,15
DA:1146,15
DA:1152,14
DA:1157,14
DA:1160,14
DA:1170,5
FN:1170,Index._tryRebalanceIndex
FNDA:5,Index._tryRebalanceIndex
DA:1174,5
BRDA:1174,24,0,5
DA:1175,4
DA:1176,0
BRDA:1176,24,1,-
DA:1177,0
DA:1184,1
BRDA:1184,24,2,1
DA:1185,1
DA:1192,22
FN:1192,Index._checkIfRebalanceNeeded
FNDA:22,Index._checkIfRebalanceNeeded
DA:1196,22
DA:1200,22
DA:1201,22
DA:1202,22
DA:1209,1858
FN:1209,Index._convertToDecimalStandard
FNDA:1858,Index._convertToDecimalStandard
DA:1213,1858
BRDA:1213,25,0,1858
DA:1214,1858
DA:1219,1858
DA:1221,0
DA:1224,453
FN:1224,Index._convertFromStdDecimalsToTokenDecimals
FNDA:453,Index._convertFromStdDecimalsToTokenDecimals
DA:1228,453
BRDA:1228,26,0,148
DA:1229,305
BRDA:1229,27,0,305
DA:1230,305
DA:1246,40
FN:1246,Index._usdcToUsd
FNDA:40,Index._usdcToUsd
DA:1250,40
DA:1261,87
FN:1261,Index._usdToUsdc
FNDA:87,Index._usdToUsdc
DA:1265,87
DA:1268,47
FN:1268,Index._isInitialized
FNDA:47,Index._isInitialized
DA:1269,47
BRDA:1269,28,0,-
DA:1272,73
FN:1272,Index._getAssetsEffectiveWights
FNDA:73,Index._getAssetsEffectiveWights
DA:1280,73
DA:1285,73
DA:1286,73
DA:1297,544
FN:1297,Index.getLatestPrice
FNDA:544,Index.getLatestPrice
DA:1298,1301
DA:1299,1301
BRDA:1299,29,0,601
BRDA:1299,29,1,2
DA:1300,700
BRDA:1300,30,0,601
BRDA:1300,30,1,2
DA:1301,99
BRDA:1301,31,0,97
BRDA:1301,31,1,2
DA:1302,2
DA:1304,1299
DA:1310,1299
DA:1312,1299
BRDA:1312,32,0,-
DA:1313,1299
BRDA:1313,33,0,-
DA:1314,1299
BRDA:1314,34,0,97
BRDA:1314,34,1,1200
DA:1315,97
DA:1316,1
BRDA:1316,35,0,1
DA:1318,1202
DA:1319,2
BRDA:1319,36,0,2
DA:1321,1296
DA:1324,8
FN:1324,Index.getAssetsUsdValue
FNDA:8,Index.getAssetsUsdValue
DA:1333,26
DA:1345,4
FN:1345,Index.getAssetsEffectiveWeights
FNDA:4,Index.getAssetsEffectiveWeights
DA:1350,4
DA:1351,4
DA:1357,1
FN:1357,Index.getAssetsAndUsdcDecimals
FNDA:1,Index.getAssetsAndUsdcDecimals
DA:1362,1
DA:1365,279
FN:1365,Index.getAssetsWeights
FNDA:279,Index.getAssetsWeights
DA:1366,570
DA:1369,1
FN:1369,Index.getAssetsPendingWeights
FNDA:1,Index.getAssetsPendingWeights
DA:1374,1
DA:1380,9
FN:1380,Index.getAssetsReserves
FNDA:9,Index.getAssetsReserves
DA:1381,9
DA:1388,1
FN:1388,Index.getAssetsReservesStdDecimals
FNDA:1,Index.getAssetsReservesStdDecimals
DA:1393,1
DA:1399,129
FN:1399,Index.getAsset0
FNDA:129,Index.getAsset0
DA:1400,129
DA:1402,129
FN:1402,Index.getAsset1
FNDA:129,Index.getAsset1
DA:1403,129
DA:1405,0
FN:1405,Index.getUsdc
FNDA:0,Index.getUsdc
DA:1406,0
DA:1408,0
FN:1408,Index.getAsset0PriceFeed
FNDA:0,Index.getAsset0PriceFeed
DA:1409,0
DA:1411,0
FN:1411,Index.getAsset1PriceFeed
FNDA:0,Index.getAsset1PriceFeed
DA:1412,0
DA:1414,0
FN:1414,Index.getUsdcPriceFeed
FNDA:0,Index.getUsdcPriceFeed
DA:1415,0
DA:1418,3
FN:1418,Index.getFeesInfo
FNDA:3,Index.getFeesInfo
DA:1423,3
DA:1426,1
FN:1426,Index.getInitializationStatus
FNDA:1,Index.getInitializationStatus
DA:1427,1
FNF:43
FNH:35
LF:340
LH:289
BRF:49
BRH:31
end_of_record
TN:
SF:src/IndexManager.sol
DA:57,9
FN:57,IndexManager.isIndexInitialized
FNDA:9,IndexManager.isIndexInitialized
DA:58,9
DA:62,2
FN:62,IndexManager.areIndexesInitialized
FNDA:2,IndexManager.areIndexesInitialized
DA:63,2
DA:67,2
FN:67,IndexManager.isSwapManagerSet
FNDA:2,IndexManager.isSwapManagerSet
DA:68,2
DA:72,172
FN:72,IndexManager.constructor
FNDA:172,IndexManager.constructor
DA:77,172
DA:78,172
DA:79,172
DA:81,172
DA:82,172
DA:83,172
DA:84,172
DA:91,174
FN:91,IndexManager.setRouterAddress
FNDA:174,IndexManager.setRouterAddress
DA:94,173
DA:96,173
DA:103,175
FN:103,IndexManager.setSwapManagerAddress
FNDA:175,IndexManager.setSwapManagerAddress
DA:106,174
DA:108,174
DA:119,379
FN:119,IndexManager.createIndex
FNDA:379,IndexManager.createIndex
DA:128,378
BRDA:128,0,0,1
DA:129,1
DA:131,377
BRDA:131,1,0,1
DA:132,1
DA:134,376
BRDA:134,2,0,1
DA:135,1
DA:137,375
BRDA:137,3,0,1
DA:138,1
DA:141,374
DA:142,374
DA:143,1
BRDA:143,4,0,1
DA:144,1
DA:147,373
DA:149,373
DA:150,373
DA:152,373
BRDA:152,5,0,341
BRDA:152,5,1,32
DA:153,341
DA:154,341
DA:156,32
DA:157,32
DA:161,373
BRDA:161,6,0,1
DA:162,1
DA:168,372
BRDA:168,7,0,4
DA:169,4
DA:173,368
DA:174,366
DA:177,364
DA:178,363
DA:180,361
DA:182,361
DA:183,361
DA:187,361
DA:188,361
DA:190,361
DA:191,361
DA:202,233
FN:202,IndexManager.initializeIndex
FNDA:233,IndexManager.initializeIndex
DA:210,232
BRDA:210,8,0,1
DA:211,1
DA:213,231
BRDA:213,9,0,1
DA:214,1
DA:217,1
BRDA:217,10,0,1
DA:218,1
DA:220,229
DA:221,229
DA:223,229
DA:230,229
DA:232,229
DA:235,265
FN:235,IndexManager.retrieveAmountFromAmount
FNDA:265,IndexManager.retrieveAmountFromAmount
DA:240,265
DA:242,265
DA:243,265
DA:246,265
DA:249,228
BRDA:249,11,0,228
BRDA:249,11,1,37
DA:250,228
DA:252,228
DA:253,228
DA:258,37
DA:260,37
DA:261,37
DA:268,9
FN:268,IndexManager.rebalanceSingleIndex
FNDA:9,IndexManager.rebalanceSingleIndex
DA:276,6
DA:279,6
BRDA:279,12,0,2
BRDA:279,12,1,4
DA:280,2
DA:282,4
DA:292,4
FN:292,IndexManager.rebalanceMultipleIndexes
FNDA:4,IndexManager.rebalanceMultipleIndexes
DA:300,2
DA:301,2
DA:302,5
DA:305,5
BRDA:305,13,0,2
BRDA:305,13,1,3
DA:306,2
DA:308,3
DA:317,2
FN:317,IndexManager.rebalanceAllIndexes
FNDA:2,IndexManager.rebalanceAllIndexes
DA:322,2
DA:323,2
DA:324,6
DA:325,6
DA:328,6
BRDA:328,14,0,3
BRDA:328,14,1,3
DA:329,3
DA:331,3
DA:341,9
FN:341,IndexManager.proposeNewWeights
FNDA:9,IndexManager.proposeNewWeights
DA:346,7
DA:347,7
DA:349,7
DA:351,7
DA:355,7
DA:370,4
FN:370,IndexManager.executeSingleWeightUpdate
FNDA:4,IndexManager.executeSingleWeightUpdate
DA:378,3
DA:381,3
BRDA:381,15,0,2
BRDA:381,15,1,1
DA:382,2
DA:384,1
DA:393,2
FN:393,IndexManager.executeWeightUpdateForMultipleIndexes
FNDA:2,IndexManager.executeWeightUpdateForMultipleIndexes
DA:401,1
DA:402,1
DA:403,3
DA:406,3
DA:407,3
BRDA:407,16,0,1
BRDA:407,16,1,2
DA:408,1
DA:410,2
DA:419,1
FN:419,IndexManager.executeWeightUpdateForAllIndexes
FNDA:1,IndexManager.executeWeightUpdateForAllIndexes
DA:424,1
DA:425,1
DA:426,3
DA:429,3
DA:430,3
BRDA:430,17,0,1
BRDA:430,17,1,2
DA:431,1
DA:433,2
DA:442,5
FN:442,IndexManager.collectFeesFromSingleIndex
FNDA:5,IndexManager.collectFeesFromSingleIndex
DA:445,3
DA:449,3
DA:450,2
BRDA:450,18,0,2
BRDA:450,18,1,1
DA:451,2
DA:452,2
DA:454,1
DA:463,1
FN:463,IndexManager.collectFeesFromMultipleIndexes
FNDA:1,IndexManager.collectFeesFromMultipleIndexes
DA:470,1
DA:471,1
DA:472,1
DA:473,3
DA:474,3
DA:478,3
DA:479,2
BRDA:479,19,0,2
BRDA:479,19,1,1
DA:480,2
DA:481,2
DA:483,1
DA:490,1
DA:497,2
FN:497,IndexManager.collectFeesFromAllIndexes
FNDA:2,IndexManager.collectFeesFromAllIndexes
DA:498,2
DA:499,2
DA:500,2
DA:501,6
DA:502,6
DA:506,6
DA:507,4
BRDA:507,20,0,4
BRDA:507,20,1,2
DA:508,4
DA:509,4
DA:511,2
DA:518,2
DA:528,1
FN:528,IndexManager.sortAssets
FNDA:1,IndexManager.sortAssets
DA:532,383
BRDA:532,21,0,349
BRDA:532,21,1,34
DA:533,349
DA:535,34
DA:543,27
FN:543,IndexManager._isIndexInitialized
FNDA:27,IndexManager._isIndexInitialized
DA:544,27
BRDA:544,22,0,4
DA:545,4
DA:553,6
FN:553,IndexManager._areIndexesInitialized
FNDA:6,IndexManager._areIndexesInitialized
DA:556,6
DA:557,6
DA:558,14
BRDA:558,23,0,2
DA:559,2
DA:564,248
FN:564,IndexManager._isSwapManagerSet
FNDA:248,IndexManager._isSwapManagerSet
DA:565,248
BRDA:565,24,0,1
DA:566,1
DA:577,361
FN:577,IndexManager._deployIndex
FNDA:361,IndexManager._deployIndex
DA:583,361
DA:584,361
DA:586,361
DA:587,361
DA:588,361
DA:589,361
DA:592,361
DA:607,361
DA:611,361
DA:619,734
FN:619,IndexManager._validateAssetIsERC20
FNDA:734,IndexManager._validateAssetIsERC20
DA:620,734
BRDA:620,25,0,2
DA:621,2
DA:625,732
DA:628,732
BRDA:628,26,0,2
DA:629,2
DA:637,727
FN:637,IndexManager._validatePriceFeed
FNDA:727,IndexManager._validatePriceFeed
DA:638,727
BRDA:638,27,0,1
DA:639,1
DA:643,726
DA:646,726
BRDA:646,28,0,2
DA:647,2
DA:659,17
FN:659,IndexManager._rebalanceSingleIndex
FNDA:17,IndexManager._rebalanceSingleIndex
DA:662,17
BRDA:662,29,0,17
DA:663,10
DA:664,0
BRDA:664,29,1,-
DA:665,0
DA:666,0
DA:667,7
BRDA:667,29,2,7
DA:668,7
DA:669,7
DA:673,0
DA:686,12
FN:686,IndexManager._collectFeesFroSingleIndex
FNDA:12,IndexManager._collectFeesFroSingleIndex
DA:693,12
DA:694,12
BRDA:694,30,0,12
DA:695,8
DA:696,8
DA:697,8
DA:698,0
BRDA:698,30,1,-
DA:699,0
DA:700,0
DA:701,0
DA:702,4
BRDA:702,30,2,4
DA:703,4
DA:704,4
DA:705,4
DA:717,9
FN:717,IndexManager._executeSingleWeightUpdate
FNDA:9,IndexManager._executeSingleWeightUpdate
DA:720,9
DA:721,9
BRDA:721,31,0,9
DA:722,5
DA:723,5
DA:724,0
BRDA:724,31,1,-
DA:725,0
DA:726,0
DA:727,4
BRDA:727,31,2,4
DA:728,4
DA:729,4
DA:739,8
FN:739,IndexManager._getErrorData
FNDA:8,IndexManager._getErrorData
DA:740,8
DA:742,8
DA:744,8
BRDA:744,32,0,8
DA:745,8
DA:747,8
DA:749,8
DA:751,0
DA:763,7
FN:763,IndexManager.isIndexAddress
FNDA:7,IndexManager.isIndexAddress
DA:764,7
DA:772,59
FN:772,IndexManager.checkIsIndexInitialized
FNDA:59,IndexManager.checkIsIndexInitialized
DA:775,59
DA:784,5
FN:784,IndexManager.getIndexAssets
FNDA:5,IndexManager.getIndexAssets
DA:787,5
DA:788,5
DA:801,9
FN:801,IndexManager.getIndexByAssetsAddresses
FNDA:9,IndexManager.getIndexByAssetsAddresses
DA:805,9
DA:809,9
DA:816,45
FN:816,IndexManager.getRouterAddress
FNDA:45,IndexManager.getRouterAddress
DA:817,45
DA:824,45
FN:824,IndexManager.getSwapManagerAddress
FNDA:45,IndexManager.getSwapManagerAddress
DA:825,45
DA:832,3
FN:832,IndexManager.getDeployedIndexes
FNDA:3,IndexManager.getDeployedIndexes
DA:833,3
DA:840,8
FN:840,IndexManager.getInitializedIndexes
FNDA:8,IndexManager.getInitializedIndexes
DA:841,8
DA:848,6
FN:848,IndexManager.getTotalFeesCollected
FNDA:6,IndexManager.getTotalFeesCollected
DA:849,6
DA:852,174
FN:852,IndexManager.getUsdc
FNDA:174,IndexManager.getUsdc
DA:853,174
DA:856,3
FN:856,IndexManager.getUsdcPriceFeed
FNDA:3,IndexManager.getUsdcPriceFeed
DA:857,3
DA:860,3
FN:860,IndexManager.getUniswapUniversalRouter
FNDA:3,IndexManager.getUniswapUniversalRouter
DA:861,3
FNF:42
FNH:42
LF:264
LH:252
BRF:51
BRH:48
end_of_record
TN:
SF:src/Router.sol
DA:22,0
FN:22,Router.validIndex
FNDA:0,Router.validIndex
DA:23,0
DA:27,0
FN:27,Router.validTolerance
FNDA:0,Router.validTolerance
DA:28,0
DA:35,8
FN:35,Router.validInputs
FNDA:8,Router.validInputs
DA:41,8
DA:45,171
FN:45,Router.constructor
FNDA:171,Router.constructor
DA:46,171
DA:47,171
DA:58,44
FN:58,Router.buyExactUsdcAmountOfShares
FNDA:44,Router.buyExactUsdcAmountOfShares
DA:67,40
DA:79,8
FN:79,Router.sellExactAmountOfSharesForUsdc
FNDA:8,Router.sellExactAmountOfSharesForUsdc
DA:88,7
DA:101,40
FN:101,Router._buyShares
FNDA:40,Router._buyShares
DA:106,40
DA:107,40
DA:122,7
FN:122,Router._sellShares
FNDA:7,Router._sellShares
DA:127,7
DA:128,7
DA:141,0
FN:141,Router.getMinRedeemPreview
FNDA:0,Router.getMinRedeemPreview
DA:152,0
DA:153,0
DA:169,0
FN:169,Router.getMinMintPreview
FNDA:0,Router.getMinMintPreview
DA:180,0
DA:181,0
DA:184,52
FN:184,Router._validAmount
FNDA:52,Router._validAmount
DA:185,52
BRDA:185,0,0,1
DA:186,1
DA:190,49
FN:190,Router._validBalance
FNDA:49,Router._validBalance
DA:195,41
BRDA:195,1,0,41
BRDA:195,1,1,7
DA:196,41
DA:197,41
BRDA:197,2,0,1
DA:198,1
DA:204,8
DA:205,8
DA:206,8
BRDA:206,3,0,1
DA:207,1
DA:215,52
FN:215,Router._validIndex
FNDA:52,Router._validIndex
DA:216,52
BRDA:216,4,0,-
DA:217,0
DA:221,51
FN:221,Router._validTolerance
FNDA:51,Router._validTolerance
DA:222,51
BRDA:222,5,0,2
DA:223,2
DA:227,52
FN:227,Router._validInputs
FNDA:52,Router._validInputs
DA:233,52
DA:234,52
DA:235,51
DA:236,49
DA:242,42
FN:242,Router.getIndexManager
FNDA:42,Router.getIndexManager
DA:243,42
DA:250,0
FN:250,Router.getUsdc
FNDA:0,Router.getUsdc
DA:251,0
FNF:17
FNH:12
LF:52
LH:39
BRF:7
BRH:6
end_of_record
TN:
SF:src/SwapManager.sol
DA:27,6
FN:27,SwapManager.onlyRegisteredIndex
FNDA:6,SwapManager.onlyRegisteredIndex
DA:28,6
DA:32,171
FN:32,SwapManager.constructor
FNDA:171,SwapManager.constructor
DA:33,171
DA:44,250
FN:44,SwapManager.registerIndex
FNDA:250,SwapManager.registerIndex
DA:50,249
DA:51,247
DA:52,246
DA:54,245
DA:55,245
DA:56,245
DA:65,7
FN:65,SwapManager.updateRoute
FNDA:7,SwapManager.updateRoute
DA:70,5
DA:71,3
DA:85,36
FN:85,SwapManager.buildSingleSwapParams
FNDA:36,SwapManager.buildSingleSwapParams
DA:101,140
DA:103,140
BRDA:103,0,0,1
BRDA:103,0,1,-
DA:104,1
DA:105,139
BRDA:105,1,0,139
BRDA:105,1,1,-
DA:106,139
DA:108,0
DA:125,54
FN:125,SwapManager.buildDoubleSwapParams
FNDA:54,SwapManager.buildDoubleSwapParams
DA:134,54
DA:139,54
DA:146,53
DA:151,53
DA:158,53
DA:160,53
DA:161,53
DA:162,53
DA:171,24
FN:171,SwapManager.getRoute
FNDA:24,SwapManager.getRoute
DA:175,24
DA:188,1
FN:188,SwapManager._buildV4Params
FNDA:1,SwapManager._buildV4Params
DA:202,1
DA:203,1
DA:204,1
DA:208,1
DA:217,1
DA:223,1
DA:224,1
DA:225,1
DA:226,1
DA:228,1
DA:229,1
DA:230,1
DA:244,139
FN:244,SwapManager._buildV3Params
FNDA:139,SwapManager._buildV3Params
DA:258,139
DA:265,139
DA:266,139
DA:272,139
DA:274,139
DA:275,139
DA:287,747
FN:287,SwapManager._validateRoute
FNDA:747,SwapManager._validateRoute
DA:288,747
BRDA:288,2,0,16
BRDA:288,2,1,728
DA:291,16
DA:292,3
DA:293,3
BRDA:293,3,0,3
DA:294,3
DA:296,731
BRDA:296,4,0,731
BRDA:296,4,1,728
DA:297,731
BRDA:297,5,0,3
DA:298,3
DA:301,0
DA:310,149
FN:310,SwapManager._checkIfRegisteredIndex
FNDA:149,SwapManager._checkIfRegisteredIndex
DA:311,149
DA:315,149
BRDA:315,6,0,-
BRDA:315,6,1,145
DA:318,0
DA:319,0
DA:320,0
BRDA:320,7,0,-
DA:321,0
DA:323,149
BRDA:323,8,0,149
BRDA:323,8,1,145
DA:324,149
BRDA:324,9,0,4
DA:325,4
DA:328,0
DA:335,139
FN:335,SwapManager._extractTokenOutFromV3Path
FNDA:139,SwapManager._extractTokenOutFromV3Path
DA:338,139
DA:340,139
DA:349,139
FN:349,SwapManager._getDirectionalV3Path
FNDA:139,SwapManager._getDirectionalV3Path
DA:353,139
DA:355,139
DA:357,139
BRDA:357,10,0,57
DA:358,82
DA:366,82
FN:366,SwapManager._reverseV3Path
FNDA:82,SwapManager._reverseV3Path
DA:369,82
DA:370,82
DA:371,82
DA:373,82
DA:374,164
DA:375,164
DA:378,164
DA:379,3280
DA:383,164
BRDA:383,11,0,82
DA:384,82
DA:385,82
DA:386,82
DA:387,246
FNF:14
FNH:14
LF:95
LH:88
BRF:18
BRH:14
end_of_record
TN:
SF:src/libraries/SharesMath.sol
DA:5,80
FN:5,SharesMath.calculateSharesToMintFromUsdcAmount
FNDA:80,SharesMath.calculateSharesToMintFromUsdcAmount
DA:10,80
BRDA:10,0,0,-
BRDA:10,0,1,80
DA:11,0
DA:13,80
DA:17,7
FN:17,SharesMath.calculateShareValueInUsd
FNDA:7,SharesMath.calculateShareValueInUsd
DA:22,7
BRDA:22,1,0,-
BRDA:22,1,1,7
DA:23,0
DA:25,7
DA:31,61
FN:31,SharesMath.calculateNetAmountFromTolerance
FNDA:61,SharesMath.calculateNetAmountFromTolerance
DA:36,61
FNF:3
FNH:3
LF:10
LH:8
BRF:4
BRH:2
end_of_record
TN:
SF:src/libraries/UnderlyingMath.sol
DA:7,229
FN:7,UnderlyingMath.calculateAmount1UsdFromAmount0UsdAndIndexWeights
FNDA:229,UnderlyingMath.calculateAmount1UsdFromAmount0UsdAndIndexWeights
DA:12,229
DA:15,0
FN:15,UnderlyingMath.calculateUsdValueOfTokenAmount
FNDA:0,UnderlyingMath.calculateUsdValueOfTokenAmount
DA:22,0
DA:23,0
BRDA:23,0,0,-
BRDA:23,0,1,-
DA:24,0
DA:25,0
BRDA:25,1,0,-
BRDA:25,1,1,-
DA:26,0
DA:32,0
DA:37,0
DA:40,499
FN:40,UnderlyingMath.calculateUSDValueOfTokenAmountStdDecimals
FNDA:499,UnderlyingMath.calculateUSDValueOfTokenAmountStdDecimals
DA:45,499
DA:48,258
FN:48,UnderlyingMath.calculateTokenAmountFromUsdValue
FNDA:258,UnderlyingMath.calculateTokenAmountFromUsdValue
DA:53,258
DA:69,2163
FN:69,UnderlyingMath.convertToSpecificDecimal
FNDA:2163,UnderlyingMath.convertToSpecificDecimal
DA:74,2163
BRDA:74,2,0,340
DA:75,340
DA:77,1823
BRDA:77,3,0,1518
DA:78,1518
DA:79,1518
DA:82,305
BRDA:82,4,0,305
DA:83,305
DA:84,305
DA:101,15
FN:101,UnderlyingMath.calculateRebalanceAmounts
FNDA:15,UnderlyingMath.calculateRebalanceAmounts
DA:111,15
DA:112,15
DA:117,15
BRDA:117,5,0,15
BRDA:117,5,1,-
DA:119,15
DA:122,15
DA:125,15
DA:130,15
DA:133,0
DA:136,0
DA:139,0
DA:144,0
DA:148,0
FN:148,UnderlyingMath.calculateSwapFromUsdcAmount
FNDA:0,UnderlyingMath.calculateSwapFromUsdcAmount
DA:157,0
DA:158,0
DA:161,40
FN:161,UnderlyingMath.calculateDepositAllocationInUsd
FNDA:40,UnderlyingMath.calculateDepositAllocationInUsd
DA:172,40
BRDA:172,6,0,-
DA:173,0
DA:176,40
DA:178,40
DA:180,40
DA:182,40
DA:185,40
BRDA:185,7,0,-
BRDA:185,7,1,40
DA:187,0
DA:188,0
DA:191,40
DA:194,40
DA:198,7
FN:198,UnderlyingMath.calculateWithdrawUnderlyingAmountsInUsd
FNDA:7,UnderlyingMath.calculateWithdrawUnderlyingAmountsInUsd
DA:212,7
DA:214,7
DA:216,7
DA:218,7
DA:221,7
BRDA:221,8,0,-
BRDA:221,8,1,7
DA:223,0
DA:224,0
DA:227,7
DA:230,7
DA:236,88
FN:236,UnderlyingMath.calculateEffectiveWeights
FNDA:88,UnderlyingMath.calculateEffectiveWeights
DA:252,88
DA:255,88
FNF:10
FNH:8
LF:63
LH:43
BRF:14
BRH:6
end_of_record
