TN:
SF:script/DeployAndInitNewIndex.s.sol
DA:31,300
FN:31,DeployAndInitNewIndex.run
FNDA:300,DeployAndInitNewIndex.run
DA:36,300
DA:37,300
DA:38,300
DA:40,300
DA:41,300
DA:44,300
DA:48,300
DA:54,300
DA:59,300
DA:61,300
DA:64,300
DA:68,300
DA:70,300
DA:73,300
DA:80,300
DA:81,300
DA:83,300
DA:91,300
DA:92,300
DA:95,300
DA:96,300
DA:104,300
FN:104,DeployAndInitNewIndex._computeInitialDeposits
FNDA:300,DeployAndInitNewIndex._computeInitialDeposits
DA:110,300
BRDA:110,0,0,299
BRDA:110,0,1,-
DA:112,299
DA:121,1
DA:129,300
FNF:2
FNH:2
LF:27
LH:27
BRF:2
BRH:1
end_of_record
TN:
SF:script/DeployPeriphery.s.sol
DA:18,263
FN:18,DeployPeriphery.run
FNDA:263,DeployPeriphery.run
DA:28,263
DA:29,263
DA:31,263
DA:33,263
DA:35,263
DA:37,263
DA:39,263
DA:46,263
DA:49,263
DA:52,263
DA:55,263
DA:57,263
DA:59,263
BRDA:59,0,0,2
DA:60,2
DA:61,2
DA:62,2
DA:63,2
DA:64,2
DA:68,2
DA:72,2
DA:78,263
DA:79,263
FNF:1
FNH:1
LF:23
LH:23
BRF:1
BRH:1
end_of_record
TN:
SF:script/HelperConfig.s.sol
DA:49,281
FN:49,HelperConfig.constructor
FNDA:281,HelperConfig.constructor
DA:50,281
BRDA:50,0,0,8
BRDA:50,0,1,1
DA:51,8
DA:52,273
BRDA:52,1,0,272
BRDA:52,1,1,1
DA:53,272
DA:55,1
DA:58,574
FN:58,HelperConfig.getActiveNetworkConfig
FNDA:574,HelperConfig.getActiveNetworkConfig
DA:63,574
DA:66,1140
FN:66,HelperConfig.getActiveAssetConfig
FNDA:1140,HelperConfig.getActiveAssetConfig
DA:69,3228
DA:75,8
FN:75,HelperConfig.getMainnetConfig
FNDA:8,HelperConfig.getMainnetConfig
DA:76,8
DA:78,8
DA:85,8
DA:92,8
DA:99,8
DA:105,8
DA:120,272
FN:120,HelperConfig.getAnvilConfig
FNDA:272,HelperConfig.getAnvilConfig
DA:121,272
DA:122,272
DA:127,272
DA:132,272
DA:138,272
DA:142,272
DA:146,272
DA:150,272
DA:155,272
DA:162,272
DA:169,272
DA:176,272
DA:183,272
DA:185,272
DA:186,272
DA:188,272
DA:206,0
FN:206,HelperConfig.getConfigByChainId
FNDA:0,HelperConfig.getConfigByChainId
DA:209,0
BRDA:209,2,0,-
BRDA:209,2,1,-
DA:210,0
DA:211,0
BRDA:211,3,0,-
BRDA:211,3,1,-
DA:212,0
DA:214,0
DA:219,263
FN:219,HelperConfig.getFeeCollector
FNDA:263,HelperConfig.getFeeCollector
DA:220,263
DA:223,263
FN:223,HelperConfig.getRebalancer
FNDA:263,HelperConfig.getRebalancer
DA:224,263
DA:236,309
FN:236,HelperConfig.getDefaultSwapRoutes
FNDA:309,HelperConfig.getDefaultSwapRoutes
DA:248,309
DA:252,309
DA:256,309
DA:266,4
FN:266,HelperConfig.buildDefaultV4Route
FNDA:4,HelperConfig.buildDefaultV4Route
DA:270,4
DA:273,931
FN:273,HelperConfig._buildDefaultV4Route
FNDA:931,HelperConfig._buildDefaultV4Route
DA:277,931
DA:281,931
DA:294,262
FN:294,HelperConfig.getAssetTokenMocks
FNDA:262,HelperConfig.getAssetTokenMocks
DA:299,262
BRDA:299,4,0,1
DA:300,1
DA:302,261
DA:305,261
DA:308,261
DA:311,261
DA:315,261
DA:323,262
FN:323,HelperConfig.getPriceFeedMocks
FNDA:262,HelperConfig.getPriceFeedMocks
DA:333,262
BRDA:333,5,0,1
DA:334,1
DA:336,261
DA:339,261
DA:342,261
DA:345,261
DA:349,261
DA:357,261
FN:357,HelperConfig.getUniswapUniversalRouter
FNDA:261,HelperConfig.getUniswapUniversalRouter
DA:362,261
FNF:14
FNH:13
LF:71
LH:65
BRF:10
BRH:6
end_of_record
TN:
SF:src/Index.sol
DA:98,18
FN:98,Index.isInitialized
FNDA:18,Index.isInitialized
DA:99,18
DA:107,565
FN:107,Index.constructor
FNDA:565,Index.constructor
DA:119,565
DA:120,565
DA:121,565
DA:123,565
DA:124,565
DA:126,565
DA:127,565
DA:128,565
DA:130,565
DA:131,565
DA:132,565
DA:134,565
DA:135,565
DA:136,565
DA:138,565
DA:139,565
DA:140,565
DA:141,565
DA:155,308
FN:155,Index.initialize
FNDA:308,Index.initialize
DA:159,1
BRDA:159,0,0,1
DA:160,306
BRDA:160,1,0,1
DA:162,305
DA:168,304
DA:171,304
DA:176,304
DA:183,304
DA:190,304
DA:198,304
DA:203,304
DA:210,303
DA:211,303
DA:212,303
DA:214,303
DA:215,303
DA:217,303
DA:233,44
FN:233,Index.mintShares
FNDA:44,Index.mintShares
DA:238,42
DA:241,40
DA:242,40
DA:254,39
DA:257,39
DA:258,39
DA:259,39
DA:260,39
DA:263,39
DA:271,39
DA:272,39
DA:273,39
DA:274,39
DA:277,39
DA:278,39
DA:284,39
DA:287,39
DA:296,39
DA:302,39
DA:308,39
DA:317,39
DA:324,39
BRDA:324,2,0,-
DA:327,39
DA:331,39
DA:335,39
DA:340,39
DA:341,39
DA:344,39
DA:359,24
FN:359,Index.redeem
FNDA:24,Index.redeem
DA:365,22
DA:366,22
DA:378,21
DA:385,21
DA:386,21
DA:387,21
DA:389,21
DA:390,21
DA:395,21
DA:405,21
DA:406,21
DA:408,21
DA:411,21
DA:413,21
DA:418,21
DA:424,21
DA:427,21
DA:430,21
DA:431,1
BRDA:431,3,0,1
DA:435,20
DA:436,20
DA:437,20
DA:440,20
DA:444,20
DA:445,20
DA:447,20
DA:459,18
FN:459,Index.minMintPreview
FNDA:18,Index.minMintPreview
DA:463,17
DA:467,17
DA:469,17
DA:472,17
DA:473,16
DA:482,16
FN:482,Index.minRedeemPreview
FNDA:16,Index.minRedeemPreview
DA:486,15
DA:487,14
DA:491,14
DA:493,14
DA:496,14
DA:507,27
FN:507,Index.proposeUpdateWeights
FNDA:27,Index.proposeUpdateWeights
DA:515,26
DA:516,2
DA:517,2
BRDA:517,4,0,2
DA:519,24
DA:520,23
DA:521,22
DA:522,3
BRDA:522,5,0,3
DA:524,21
DA:526,21
DA:527,21
DA:528,21
DA:530,21
DA:541,16
FN:541,Index.executeWeightUpdate
FNDA:16,Index.executeWeightUpdate
DA:543,15
DA:544,11
DA:545,6
BRDA:545,6,0,6
DA:547,9
DA:548,9
DA:550,9
DA:551,9
DA:552,9
DA:554,9
DA:555,9
BRDA:555,7,0,4
DA:557,9
DA:563,6
FN:563,Index.collectFees
FNDA:6,Index.collectFees
DA:566,5
DA:567,5
BRDA:567,8,0,2
DA:568,3
DA:569,3
DA:570,3
DA:571,3
DA:577,20
FN:577,Index.rebalanceIndex
FNDA:20,Index.rebalanceIndex
DA:579,19
DA:580,19
DA:593,17
DA:597,8
BRDA:597,9,0,8
DA:600,9
DA:601,9
DA:617,9
DA:618,9
DA:620,9
BRDA:620,10,0,6
BRDA:620,10,1,3
DA:622,6
DA:628,5
DA:632,5
DA:637,5
DA:638,5
DA:641,3
DA:646,3
DA:650,3
DA:655,3
DA:656,3
DA:660,8
DA:661,8
DA:662,8
DA:663,8
DA:666,8
DA:668,8
DA:669,8
DA:673,1
BRDA:673,11,0,1
DA:675,7
DA:688,94
FN:688,Index._mintPreview
FNDA:94,Index._mintPreview
DA:692,94
DA:698,39
FN:698,Index._calculateShareToMintAndValidateTolerance
FNDA:39,Index._calculateShareToMintAndValidateTolerance
DA:705,39
DA:709,39
DA:712,39
DA:717,39
BRDA:717,12,0,-
DA:720,14
FN:720,Index._redeemPreview
FNDA:14,Index._redeemPreview
DA:724,14
DA:733,112
FN:733,Index._calculateFees
FNDA:112,Index._calculateFees
DA:736,112
DA:738,112
DA:752,139
FN:752,Index._initFunctionValues
FNDA:139,Index._initFunctionValues
DA:766,139
DA:767,133
DA:768,133
DA:771,133
DA:775,133
DA:780,133
DA:786,133
DA:792,133
DA:806,39
FN:806,Index._swapUsdcForAssets
FNDA:39,Index._swapUsdcForAssets
DA:812,39
DA:813,39
DA:815,39
DA:816,39
BRDA:816,13,0,39
DA:820,39
DA:821,39
BRDA:821,14,0,39
DA:826,39
DA:827,39
DA:828,39
DA:829,39
DA:831,39
BRDA:831,15,0,-
BRDA:831,15,1,39
DA:832,0
DA:838,0
DA:839,39
BRDA:839,16,0,-
BRDA:839,16,1,39
DA:840,0
DA:846,0
DA:848,39
DA:857,39
DA:858,39
DA:862,39
DA:866,39
DA:873,39
BRDA:873,17,0,39
DA:874,39
DA:876,39
DA:881,39
BRDA:881,18,0,39
DA:882,39
DA:884,39
DA:897,21
FN:897,Index._swapAssetsForUsdc
FNDA:21,Index._swapAssetsForUsdc
DA:902,21
DA:903,21
DA:905,21
BRDA:905,19,0,21
DA:906,21
DA:912,21
DA:917,21
BRDA:917,20,0,21
DA:918,21
DA:924,21
DA:931,21
DA:932,21
DA:934,21
BRDA:934,21,0,-
BRDA:934,21,1,21
DA:935,0
DA:941,0
DA:945,21
BRDA:945,22,0,-
BRDA:945,22,1,21
DA:946,0
DA:952,0
DA:957,21
DA:966,21
DA:970,21
DA:977,21
DA:978,21
DA:983,21
DA:986,21
DA:998,9
FN:998,Index._swapAssetForAsset
FNDA:9,Index._swapAssetForAsset
DA:1003,9
DA:1004,9
BRDA:1004,23,0,6
BRDA:1004,23,1,3
DA:1005,6
DA:1010,3
DA:1016,9
DA:1021,9
DA:1028,9
DA:1030,9
DA:1034,9
DA:1038,9
DA:1044,8
DA:1049,8
DA:1052,8
DA:1062,9
FN:1062,Index._tryRebalanceIndex
FNDA:9,Index._tryRebalanceIndex
DA:1066,9
BRDA:1066,24,0,9
DA:1067,5
DA:1068,0
BRDA:1068,24,1,-
DA:1069,0
DA:1076,4
BRDA:1076,24,2,4
DA:1077,4
DA:1084,17
FN:1084,Index._checkIfRebalanceNeeded
FNDA:17,Index._checkIfRebalanceNeeded
DA:1088,17
DA:1092,17
DA:1093,17
DA:1094,14
DA:1101,2462
FN:1101,Index._convertToDecimalStandard
FNDA:2462,Index._convertToDecimalStandard
DA:1105,2462
BRDA:1105,25,0,2462
DA:1106,2462
DA:1111,2462
DA:1113,0
DA:1116,561
FN:1116,Index._convertFromStdDecimalsToTokenDecimals
FNDA:561,Index._convertFromStdDecimalsToTokenDecimals
DA:1120,561
BRDA:1120,26,0,100
DA:1121,461
BRDA:1121,27,0,461
DA:1122,461
DA:1130,102
FN:1130,Index._isInitialized
FNDA:102,Index._isInitialized
DA:1131,102
BRDA:1131,28,0,4
DA:1134,84
FN:1134,Index._getAssetsEffectiveWights
FNDA:84,Index._getAssetsEffectiveWights
DA:1142,84
DA:1147,84
DA:1148,84
DA:1159,684
FN:1159,Index.getLatestPrice
FNDA:684,Index.getLatestPrice
DA:1160,1739
DA:1161,1739
BRDA:1161,29,0,807
BRDA:1161,29,1,1
DA:1162,932
BRDA:1162,30,0,798
BRDA:1162,30,1,1
DA:1163,134
BRDA:1163,31,0,133
BRDA:1163,31,1,1
DA:1164,1
DA:1166,1738
DA:1172,1738
DA:1174,1738
BRDA:1174,32,0,2
DA:1175,1736
BRDA:1175,33,0,-
DA:1176,1736
DA:1177,7
BRDA:1177,34,0,7
DA:1179,1729
DA:1182,11
FN:1182,Index.getAssetsUsdValue
FNDA:11,Index.getAssetsUsdValue
DA:1191,41
DA:1203,7
FN:1203,Index.getAssetsEffectiveWeights
FNDA:7,Index.getAssetsEffectiveWeights
DA:1208,7
DA:1209,7
DA:1215,8
FN:1215,Index.getAssetsAndUsdcDecimals
FNDA:8,Index.getAssetsAndUsdcDecimals
DA:1220,8
DA:1223,362
FN:1223,Index.getAssetsWeights
FNDA:362,Index.getAssetsWeights
DA:1224,735
DA:1227,8
FN:1227,Index.getAssetsPendingWeights
FNDA:8,Index.getAssetsPendingWeights
DA:1232,8
DA:1238,13
FN:1238,Index.getAssetsReserves
FNDA:13,Index.getAssetsReserves
DA:1239,13
DA:1246,0
FN:1246,Index.getAssetsReservesStdDecimals
FNDA:0,Index.getAssetsReservesStdDecimals
DA:1251,0
DA:1257,266
FN:1257,Index.getAsset0
FNDA:266,Index.getAsset0
DA:1258,266
DA:1260,266
FN:1260,Index.getAsset1
FNDA:266,Index.getAsset1
DA:1261,266
DA:1263,4
FN:1263,Index.getUsdc
FNDA:4,Index.getUsdc
DA:1264,4
DA:1266,4
FN:1266,Index.getAsset0PriceFeed
FNDA:4,Index.getAsset0PriceFeed
DA:1267,4
DA:1269,4
FN:1269,Index.getAsset1PriceFeed
FNDA:4,Index.getAsset1PriceFeed
DA:1270,4
DA:1272,4
FN:1272,Index.getUsdcPriceFeed
FNDA:4,Index.getUsdcPriceFeed
DA:1273,4
DA:1276,20
FN:1276,Index.getFeesInfo
FNDA:20,Index.getFeesInfo
DA:1281,20
DA:1284,7
FN:1284,Index.getInitializationStatus
FNDA:7,Index.getInitializationStatus
DA:1285,7
FNF:41
FNH:40
LF:325
LH:312
BRF:46
BRH:38
end_of_record
TN:
SF:src/IndexManager.sol
DA:57,5
FN:57,IndexManager.isIndexInitialized
FNDA:5,IndexManager.isIndexInitialized
DA:58,5
DA:62,2
FN:62,IndexManager.areIndexesInitialized
FNDA:2,IndexManager.areIndexesInitialized
DA:63,2
DA:67,1
FN:67,IndexManager.isSwapManagerSet
FNDA:1,IndexManager.isSwapManagerSet
DA:68,1
DA:72,264
FN:72,IndexManager.constructor
FNDA:264,IndexManager.constructor
DA:77,264
DA:78,264
DA:79,264
DA:81,264
DA:82,264
DA:83,264
DA:84,264
DA:91,266
FN:91,IndexManager.setRouterAddress
FNDA:266,IndexManager.setRouterAddress
DA:94,265
DA:96,265
DA:103,267
FN:103,IndexManager.setSwapManagerAddress
FNDA:267,IndexManager.setSwapManagerAddress
DA:106,266
DA:108,266
DA:119,579
FN:119,IndexManager.createIndex
FNDA:579,IndexManager.createIndex
DA:128,578
BRDA:128,0,0,1
DA:129,1
DA:131,577
BRDA:131,1,0,1
DA:132,1
DA:134,576
BRDA:134,2,0,1
DA:135,1
DA:138,575
DA:139,575
DA:140,1
BRDA:140,3,0,1
DA:141,1
DA:144,574
DA:146,574
DA:147,574
DA:149,574
BRDA:149,4,0,573
BRDA:149,4,1,1
DA:150,573
DA:151,573
DA:153,1
DA:154,1
DA:158,574
BRDA:158,5,0,1
DA:159,1
DA:165,573
BRDA:165,6,0,4
DA:166,4
DA:170,569
DA:171,568
DA:174,567
DA:175,566
DA:177,565
DA:179,565
DA:180,565
DA:184,565
DA:185,565
DA:187,565
DA:188,565
DA:199,305
FN:199,IndexManager.initializeIndex
FNDA:305,IndexManager.initializeIndex
DA:207,304
BRDA:207,7,0,1
DA:208,1
DA:210,303
BRDA:210,8,0,1
DA:211,1
DA:214,1
BRDA:214,9,0,1
DA:215,1
DA:217,301
DA:218,301
DA:220,301
DA:227,301
DA:229,301
DA:232,338
FN:232,IndexManager.retrieveAmountFromAmount
FNDA:338,IndexManager.retrieveAmountFromAmount
DA:237,338
DA:239,338
DA:240,338
DA:243,338
DA:246,300
BRDA:246,10,0,300
BRDA:246,10,1,38
DA:247,300
DA:249,300
DA:250,300
DA:255,38
DA:257,38
DA:258,38
DA:265,5
FN:265,IndexManager.rebalanceSingleIndex
FNDA:5,IndexManager.rebalanceSingleIndex
DA:273,2
DA:276,2
BRDA:276,11,0,1
BRDA:276,11,1,1
DA:277,1
DA:279,1
DA:289,3
FN:289,IndexManager.rebalanceMultipleIndexes
FNDA:3,IndexManager.rebalanceMultipleIndexes
DA:297,1
DA:298,1
DA:299,2
DA:302,2
BRDA:302,12,0,2
BRDA:302,12,1,-
DA:303,2
DA:305,0
DA:314,1
FN:314,IndexManager.rebalanceAllIndexes
FNDA:1,IndexManager.rebalanceAllIndexes
DA:319,1
DA:320,1
DA:321,3
DA:322,3
DA:325,3
BRDA:325,13,0,3
BRDA:325,13,1,-
DA:326,3
DA:328,0
DA:338,9
FN:338,IndexManager.proposeNewWeights
FNDA:9,IndexManager.proposeNewWeights
DA:343,7
DA:344,7
DA:346,7
DA:348,7
DA:352,7
DA:367,4
FN:367,IndexManager.executeSingleWeightUpdate
FNDA:4,IndexManager.executeSingleWeightUpdate
DA:375,3
DA:378,3
BRDA:378,14,0,2
BRDA:378,14,1,1
DA:379,2
DA:381,1
DA:390,2
FN:390,IndexManager.executeWeightUpdateForMultipleIndexes
FNDA:2,IndexManager.executeWeightUpdateForMultipleIndexes
DA:398,1
DA:399,1
DA:400,3
DA:401,3
BRDA:401,15,0,1
BRDA:401,15,1,2
DA:402,1
DA:404,2
DA:413,1
FN:413,IndexManager.executeWeightUpdateForAllIndexes
FNDA:1,IndexManager.executeWeightUpdateForAllIndexes
DA:418,1
DA:419,1
DA:420,3
DA:423,3
DA:424,3
BRDA:424,16,0,1
BRDA:424,16,1,2
DA:425,1
DA:427,2
DA:436,4
FN:436,IndexManager.collectFeesFromSingleIndex
FNDA:4,IndexManager.collectFeesFromSingleIndex
DA:439,2
DA:443,2
DA:444,1
BRDA:444,17,0,1
BRDA:444,17,1,1
DA:445,1
DA:446,1
DA:448,1
DA:457,0
FN:457,IndexManager.collectFeesFromMultipleIndexes
FNDA:0,IndexManager.collectFeesFromMultipleIndexes
DA:464,0
DA:465,0
DA:466,0
DA:467,0
DA:468,0
DA:472,0
DA:473,0
BRDA:473,18,0,-
BRDA:473,18,1,-
DA:474,0
DA:475,0
DA:477,0
DA:484,0
DA:491,0
FN:491,IndexManager.collectFeesFromAllIndexes
FNDA:0,IndexManager.collectFeesFromAllIndexes
DA:492,0
DA:493,0
DA:494,0
DA:495,0
DA:496,0
DA:500,0
DA:501,0
BRDA:501,19,0,-
BRDA:501,19,1,-
DA:502,0
DA:503,0
DA:505,0
DA:512,0
DA:522,2
FN:522,IndexManager.sortAssets
FNDA:2,IndexManager.sortAssets
DA:526,581
BRDA:526,20,0,578
BRDA:526,20,1,3
DA:527,578
DA:529,3
DA:537,22
FN:537,IndexManager._isIndexInitialized
FNDA:22,IndexManager._isIndexInitialized
DA:538,22
BRDA:538,21,0,4
DA:539,4
DA:547,4
FN:547,IndexManager._areIndexesInitialized
FNDA:4,IndexManager._areIndexesInitialized
DA:550,4
DA:551,4
DA:552,8
BRDA:552,22,0,2
DA:553,2
DA:558,314
FN:558,IndexManager._isSwapManagerSet
FNDA:314,IndexManager._isSwapManagerSet
DA:559,314
BRDA:559,23,0,1
DA:560,1
DA:571,565
FN:571,IndexManager._deployIndex
FNDA:565,IndexManager._deployIndex
DA:577,565
DA:578,565
DA:580,565
DA:581,565
DA:582,565
DA:583,565
DA:586,565
DA:601,565
DA:605,565
DA:613,1137
FN:613,IndexManager._validateAssetIsERC20
FNDA:1137,IndexManager._validateAssetIsERC20
DA:614,1137
BRDA:614,24,0,-
DA:615,0
DA:619,1137
DA:622,1137
BRDA:622,25,0,2
DA:623,2
DA:631,1133
FN:631,IndexManager._validatePriceFeed
FNDA:1133,IndexManager._validatePriceFeed
DA:632,1133
BRDA:632,26,0,-
DA:633,0
DA:637,1133
DA:640,1133
BRDA:640,27,0,2
DA:641,2
DA:653,7
FN:653,IndexManager._rebalanceSingleIndex
FNDA:7,IndexManager._rebalanceSingleIndex
DA:656,7
BRDA:656,28,0,7
DA:657,1
DA:658,0
BRDA:658,28,1,-
DA:659,0
DA:660,0
DA:661,6
BRDA:661,28,2,6
DA:662,6
DA:663,6
DA:667,0
DA:680,2
FN:680,IndexManager._collectFeesFroSingleIndex
FNDA:2,IndexManager._collectFeesFroSingleIndex
DA:687,2
DA:688,2
BRDA:688,29,0,2
DA:689,1
DA:690,1
DA:691,1
DA:692,0
BRDA:692,29,1,-
DA:693,0
DA:694,0
DA:695,0
DA:696,1
BRDA:696,29,2,1
DA:697,1
DA:698,1
DA:699,1
DA:711,9
FN:711,IndexManager._executeSingleWeightUpdate
FNDA:9,IndexManager._executeSingleWeightUpdate
DA:714,9
DA:715,9
BRDA:715,30,0,9
DA:716,5
DA:717,5
DA:718,0
BRDA:718,30,1,-
DA:719,0
DA:720,0
DA:721,4
BRDA:721,30,2,4
DA:722,4
DA:723,4
DA:733,5
FN:733,IndexManager._getErrorData
FNDA:5,IndexManager._getErrorData
DA:734,5
DA:736,5
DA:738,5
BRDA:738,31,0,5
DA:739,5
DA:741,5
DA:743,5
DA:745,0
DA:757,3
FN:757,IndexManager.isIndexAddress
FNDA:3,IndexManager.isIndexAddress
DA:758,3
DA:766,80
FN:766,IndexManager.checkIsIndexInitialized
FNDA:80,IndexManager.checkIsIndexInitialized
DA:769,80
DA:778,3
FN:778,IndexManager.getIndexAssets
FNDA:3,IndexManager.getIndexAssets
DA:781,3
DA:782,3
DA:795,5
FN:795,IndexManager.getIndexByAssetsAddresses
FNDA:5,IndexManager.getIndexByAssetsAddresses
DA:799,5
DA:803,5
DA:810,4
FN:810,IndexManager.getRouterAddress
FNDA:4,IndexManager.getRouterAddress
DA:811,4
DA:818,4
FN:818,IndexManager.getSwapManagerAddress
FNDA:4,IndexManager.getSwapManagerAddress
DA:819,4
DA:826,2
FN:826,IndexManager.getDeployedIndexes
FNDA:2,IndexManager.getDeployedIndexes
DA:827,2
DA:834,4
FN:834,IndexManager.getInitializedIndexes
FNDA:4,IndexManager.getInitializedIndexes
DA:835,4
DA:842,1
FN:842,IndexManager.getTotalFeesCollected
FNDA:1,IndexManager.getTotalFeesCollected
DA:843,1
DA:846,265
FN:846,IndexManager.getUsdc
FNDA:265,IndexManager.getUsdc
DA:847,265
DA:850,2
FN:850,IndexManager.getUsdcPriceFeed
FNDA:2,IndexManager.getUsdcPriceFeed
DA:851,2
DA:854,2
FN:854,IndexManager.getUniswapUniversalRouter
FNDA:2,IndexManager.getUniswapUniversalRouter
DA:855,2
FNF:42
FNH:40
LF:261
LH:221
BRF:50
BRH:39
end_of_record
TN:
SF:src/Router.sol
DA:22,7
FN:22,Router.validIndex
FNDA:7,Router.validIndex
DA:23,7
DA:27,9
FN:27,Router.validTolerance
FNDA:9,Router.validTolerance
DA:28,9
DA:35,15
FN:35,Router.validInputs
FNDA:15,Router.validInputs
DA:41,15
DA:45,263
FN:45,Router.constructor
FNDA:263,Router.constructor
DA:46,263
DA:47,263
DA:58,43
FN:58,Router.buyExactUsdcAmountOfShares
FNDA:43,Router.buyExactUsdcAmountOfShares
DA:67,37
DA:79,15
FN:79,Router.sellExactAmountOfSharesForUsdc
FNDA:15,Router.sellExactAmountOfSharesForUsdc
DA:88,10
DA:101,37
FN:101,Router._buyShares
FNDA:37,Router._buyShares
DA:106,37
DA:107,37
DA:122,10
FN:122,Router._sellShares
FNDA:10,Router._sellShares
DA:127,10
DA:128,10
DA:141,9
FN:141,Router.getMinRedeemPreview
FNDA:9,Router.getMinRedeemPreview
DA:152,6
DA:153,6
DA:169,9
FN:169,Router.getMinMintPreview
FNDA:9,Router.getMinMintPreview
DA:180,6
DA:181,6
DA:184,56
FN:184,Router._validAmount
FNDA:56,Router._validAmount
DA:185,56
BRDA:185,0,0,2
DA:186,2
DA:190,49
FN:190,Router._validBalance
FNDA:49,Router._validBalance
DA:195,38
BRDA:195,1,0,38
BRDA:195,1,1,10
DA:196,38
DA:197,38
BRDA:197,2,0,1
DA:198,1
DA:204,11
DA:205,11
DA:206,11
BRDA:206,3,0,1
DA:207,1
DA:215,72
FN:215,Router._validIndex
FNDA:72,Router._validIndex
DA:216,72
BRDA:216,4,0,4
DA:217,4
DA:221,72
FN:221,Router._validTolerance
FNDA:72,Router._validTolerance
DA:222,72
BRDA:222,5,0,9
DA:223,9
DA:227,58
FN:227,Router._validInputs
FNDA:58,Router._validInputs
DA:233,58
DA:234,56
DA:235,54
DA:236,49
DA:242,3
FN:242,Router.getIndexManager
FNDA:3,Router.getIndexManager
DA:243,3
DA:250,1
FN:250,Router.getUsdc
FNDA:1,Router.getUsdc
DA:251,1
FNF:17
FNH:17
LF:52
LH:52
BRF:7
BRH:7
end_of_record
TN:
SF:src/SwapManager.sol
DA:27,6
FN:27,SwapManager.onlyRegisteredIndex
FNDA:6,SwapManager.onlyRegisteredIndex
DA:28,6
DA:32,263
FN:32,SwapManager.constructor
FNDA:263,SwapManager.constructor
DA:33,263
DA:44,322
FN:44,SwapManager.registerIndex
FNDA:322,SwapManager.registerIndex
DA:50,321
DA:51,319
DA:52,318
DA:54,317
DA:55,317
DA:56,317
DA:65,7
FN:65,SwapManager.updateRoute
FNDA:7,SwapManager.updateRoute
DA:70,5
DA:71,3
DA:85,30
FN:85,SwapManager.buildSingleSwapParams
FNDA:30,SwapManager.buildSingleSwapParams
DA:101,160
DA:103,160
BRDA:103,0,0,151
BRDA:103,0,1,-
DA:104,151
DA:105,9
BRDA:105,1,0,9
BRDA:105,1,1,-
DA:106,9
DA:108,0
DA:125,67
FN:125,SwapManager.buildDoubleSwapParams
FNDA:67,SwapManager.buildDoubleSwapParams
DA:134,67
DA:139,67
DA:146,66
DA:151,66
DA:158,66
DA:160,66
DA:161,66
DA:162,66
DA:171,25
FN:171,SwapManager.getRoute
FNDA:25,SwapManager.getRoute
DA:175,25
DA:188,151
FN:188,SwapManager._buildV4Params
FNDA:151,SwapManager._buildV4Params
DA:202,151
DA:203,151
DA:204,151
DA:208,151
DA:217,151
DA:223,151
DA:224,151
DA:225,151
DA:226,151
DA:228,151
DA:229,151
DA:230,151
DA:244,9
FN:244,SwapManager._buildV3Params
FNDA:9,SwapManager._buildV3Params
DA:258,9
DA:263,9
DA:268,9
DA:270,9
DA:271,9
DA:283,963
FN:283,SwapManager._validateRoute
FNDA:963,SwapManager._validateRoute
DA:284,963
BRDA:284,2,0,919
BRDA:284,2,1,41
DA:287,919
DA:288,3
DA:289,3
BRDA:289,3,0,3
DA:290,3
DA:292,44
BRDA:292,4,0,44
BRDA:292,4,1,41
DA:293,44
BRDA:293,5,0,3
DA:294,3
DA:297,0
DA:306,169
FN:306,SwapManager._checkIfRegisteredIndex
FNDA:169,SwapManager._checkIfRegisteredIndex
DA:307,169
DA:311,169
BRDA:311,6,0,154
BRDA:311,6,1,11
DA:314,154
DA:315,0
DA:316,0
BRDA:316,7,0,-
DA:317,0
DA:319,15
BRDA:319,8,0,15
BRDA:319,8,1,11
DA:320,15
BRDA:320,9,0,4
DA:321,4
DA:324,0
DA:331,9
FN:331,SwapManager._extractTokenOutFromV3Path
FNDA:9,SwapManager._extractTokenOutFromV3Path
DA:334,9
DA:336,9
FNF:12
FNH:12
LF:75
LH:69
BRF:16
BRH:13
end_of_record
TN:
SF:src/libraries/SharesMath.sol
DA:5,105
FN:5,SharesMath.calculateSharesToMintFromUsdcAmount
FNDA:105,SharesMath.calculateSharesToMintFromUsdcAmount
DA:10,105
BRDA:10,0,0,3
BRDA:10,0,1,102
DA:11,3
DA:13,102
DA:17,44
FN:17,SharesMath.calculateShareValueInUsd
FNDA:44,SharesMath.calculateShareValueInUsd
DA:22,44
BRDA:22,1,0,2
BRDA:22,1,1,42
DA:23,2
DA:25,42
DA:31,110
FN:31,SharesMath.calculateNetAmountFromTolerance
FNDA:110,SharesMath.calculateNetAmountFromTolerance
DA:36,110
FNF:3
FNH:3
LF:10
LH:10
BRF:4
BRH:4
end_of_record
TN:
SF:src/libraries/UnderlyingMath.sol
DA:7,310
FN:7,UnderlyingMath.calculateAmount1UsdFromAmount0UsdAndIndexWeights
FNDA:310,UnderlyingMath.calculateAmount1UsdFromAmount0UsdAndIndexWeights
DA:12,310
DA:15,8
FN:15,UnderlyingMath.calculateUsdValueOfTokenAmount
FNDA:8,UnderlyingMath.calculateUsdValueOfTokenAmount
DA:22,8
DA:23,8
BRDA:23,0,0,3
BRDA:23,0,1,2
DA:24,3
DA:25,5
BRDA:25,1,0,3
BRDA:25,1,1,2
DA:26,3
DA:32,2
DA:37,8
DA:40,654
FN:40,UnderlyingMath.calculateUSDValueOfTokenAmountStdDecimals
FNDA:654,UnderlyingMath.calculateUSDValueOfTokenAmountStdDecimals
DA:45,654
DA:48,367
FN:48,UnderlyingMath.calculateTokenAmountFromUsdValue
FNDA:367,UnderlyingMath.calculateTokenAmountFromUsdValue
DA:53,367
DA:69,2935
FN:69,UnderlyingMath.convertToSpecificDecimal
FNDA:2935,UnderlyingMath.convertToSpecificDecimal
DA:74,2935
BRDA:74,2,0,484
DA:75,484
DA:77,2451
BRDA:77,3,0,1985
DA:78,1985
DA:79,1985
DA:82,466
BRDA:82,4,0,466
DA:83,466
DA:84,466
DA:101,14
FN:101,UnderlyingMath.calculateRebalanceAmounts
FNDA:14,UnderlyingMath.calculateRebalanceAmounts
DA:111,14
DA:112,14
DA:117,14
BRDA:117,5,0,8
BRDA:117,5,1,6
DA:119,8
DA:122,8
DA:125,8
DA:130,8
DA:133,6
DA:136,6
DA:139,6
DA:144,6
DA:148,4
FN:148,UnderlyingMath.calculateSwapFromUsdcAmount
FNDA:4,UnderlyingMath.calculateSwapFromUsdcAmount
DA:157,4
DA:158,4
DA:161,46
FN:161,UnderlyingMath.calculateDepositAllocationInUsd
FNDA:46,UnderlyingMath.calculateDepositAllocationInUsd
DA:172,46
BRDA:172,6,0,1
DA:173,1
DA:176,45
DA:178,45
DA:180,45
DA:182,45
DA:185,45
BRDA:185,7,0,3
BRDA:185,7,1,42
DA:187,3
DA:188,3
DA:191,42
DA:194,42
DA:198,26
FN:198,UnderlyingMath.calculateWithdrawUnderlyingAmountsInUsd
FNDA:26,UnderlyingMath.calculateWithdrawUnderlyingAmountsInUsd
DA:212,26
DA:214,26
DA:216,26
DA:218,26
DA:221,26
BRDA:221,8,0,3
BRDA:221,8,1,23
DA:223,3
DA:224,3
DA:227,23
DA:230,23
DA:236,106
FN:236,UnderlyingMath.calculateEffectiveWeights
FNDA:106,UnderlyingMath.calculateEffectiveWeights
DA:252,106
DA:255,106
FNF:10
FNH:10
LF:63
LH:63
BRF:14
BRH:14
end_of_record
